<?xml version="1.0" encoding="UTF-8"?>
<testsuite xmlns:xsi="http://www.w3.org/2001/XMLSchema-instance" xsi:noNamespaceSchemaLocation="https://maven.apache.org/surefire/maven-surefire-plugin/xsd/surefire-test-report.xsd" name="com.example.ApplicationTests" time="3.399" tests="1" errors="0" skipped="0" failures="0">
  <properties>
    <property name="sun.desktop" value="windows"/>
    <property name="awt.toolkit" value="sun.awt.windows.WToolkit"/>
    <property name="file.encoding.pkg" value="sun.io"/>
    <property name="java.specification.version" value="1.8"/>
    <property name="sun.cpu.isalist" value="amd64"/>
    <property name="sun.jnu.encoding" value="GBK"/>
    <property name="java.class.path" value="D:\Users\83883\Desktop\spring-boot\target\test-classes;D:\Users\83883\Desktop\spring-boot\target\classes;E:\MavenLib\org\springframework\boot\spring-boot-starter-web\2.7.0\spring-boot-starter-web-2.7.0.jar;E:\MavenLib\org\springframework\boot\spring-boot-starter\2.7.0\spring-boot-starter-2.7.0.jar;E:\MavenLib\org\springframework\boot\spring-boot\2.7.0\spring-boot-2.7.0.jar;E:\MavenLib\org\springframework\boot\spring-boot-starter-logging\2.7.0\spring-boot-starter-logging-2.7.0.jar;E:\MavenLib\ch\qos\logback\logback-classic\1.2.11\logback-classic-1.2.11.jar;E:\MavenLib\ch\qos\logback\logback-core\1.2.11\logback-core-1.2.11.jar;E:\MavenLib\org\apache\logging\log4j\log4j-to-slf4j\2.17.2\log4j-to-slf4j-2.17.2.jar;E:\MavenLib\org\apache\logging\log4j\log4j-api\2.17.2\log4j-api-2.17.2.jar;E:\MavenLib\org\slf4j\jul-to-slf4j\1.7.36\jul-to-slf4j-1.7.36.jar;E:\MavenLib\jakarta\annotation\jakarta.annotation-api\1.3.5\jakarta.annotation-api-1.3.5.jar;E:\MavenLib\org\yaml\snakeyaml\1.30\snakeyaml-1.30.jar;E:\MavenLib\org\springframework\boot\spring-boot-starter-json\2.7.0\spring-boot-starter-json-2.7.0.jar;E:\MavenLib\com\fasterxml\jackson\core\jackson-databind\2.13.3\jackson-databind-2.13.3.jar;E:\MavenLib\com\fasterxml\jackson\core\jackson-annotations\2.13.3\jackson-annotations-2.13.3.jar;E:\MavenLib\com\fasterxml\jackson\core\jackson-core\2.13.3\jackson-core-2.13.3.jar;E:\MavenLib\com\fasterxml\jackson\datatype\jackson-datatype-jdk8\2.13.3\jackson-datatype-jdk8-2.13.3.jar;E:\MavenLib\com\fasterxml\jackson\datatype\jackson-datatype-jsr310\2.13.3\jackson-datatype-jsr310-2.13.3.jar;E:\MavenLib\com\fasterxml\jackson\module\jackson-module-parameter-names\2.13.3\jackson-module-parameter-names-2.13.3.jar;E:\MavenLib\org\springframework\boot\spring-boot-starter-tomcat\2.7.0\spring-boot-starter-tomcat-2.7.0.jar;E:\MavenLib\org\apache\tomcat\embed\tomcat-embed-core\9.0.63\tomcat-embed-core-9.0.63.jar;E:\MavenLib\org\apache\tomcat\embed\tomcat-embed-el\9.0.63\tomcat-embed-el-9.0.63.jar;E:\MavenLib\org\apache\tomcat\embed\tomcat-embed-websocket\9.0.63\tomcat-embed-websocket-9.0.63.jar;E:\MavenLib\org\springframework\spring-web\5.3.20\spring-web-5.3.20.jar;E:\MavenLib\org\springframework\spring-beans\5.3.20\spring-beans-5.3.20.jar;E:\MavenLib\org\springframework\spring-webmvc\5.3.20\spring-webmvc-5.3.20.jar;E:\MavenLib\org\springframework\spring-aop\5.3.20\spring-aop-5.3.20.jar;E:\MavenLib\org\springframework\spring-context\5.3.20\spring-context-5.3.20.jar;E:\MavenLib\org\springframework\spring-expression\5.3.20\spring-expression-5.3.20.jar;E:\MavenLib\org\springframework\boot\spring-boot-starter-test\2.7.0\spring-boot-starter-test-2.7.0.jar;E:\MavenLib\org\springframework\boot\spring-boot-test\2.7.0\spring-boot-test-2.7.0.jar;E:\MavenLib\org\springframework\boot\spring-boot-test-autoconfigure\2.7.0\spring-boot-test-autoconfigure-2.7.0.jar;E:\MavenLib\com\jayway\jsonpath\json-path\2.7.0\json-path-2.7.0.jar;E:\MavenLib\net\minidev\json-smart\2.4.8\json-smart-2.4.8.jar;E:\MavenLib\net\minidev\accessors-smart\2.4.8\accessors-smart-2.4.8.jar;E:\MavenLib\org\ow2\asm\asm\9.1\asm-9.1.jar;E:\MavenLib\org\slf4j\slf4j-api\1.7.36\slf4j-api-1.7.36.jar;E:\MavenLib\jakarta\xml\bind\jakarta.xml.bind-api\2.3.3\jakarta.xml.bind-api-2.3.3.jar;E:\MavenLib\jakarta\activation\jakarta.activation-api\1.2.2\jakarta.activation-api-1.2.2.jar;E:\MavenLib\org\assertj\assertj-core\3.22.0\assertj-core-3.22.0.jar;E:\MavenLib\org\hamcrest\hamcrest\2.2\hamcrest-2.2.jar;E:\MavenLib\org\junit\jupiter\junit-jupiter\5.8.2\junit-jupiter-5.8.2.jar;E:\MavenLib\org\junit\jupiter\junit-jupiter-api\5.8.2\junit-jupiter-api-5.8.2.jar;E:\MavenLib\org\opentest4j\opentest4j\1.2.0\opentest4j-1.2.0.jar;E:\MavenLib\org\junit\platform\junit-platform-commons\1.8.2\junit-platform-commons-1.8.2.jar;E:\MavenLib\org\apiguardian\apiguardian-api\1.1.2\apiguardian-api-1.1.2.jar;E:\MavenLib\org\junit\jupiter\junit-jupiter-params\5.8.2\junit-jupiter-params-5.8.2.jar;E:\MavenLib\org\junit\jupiter\junit-jupiter-engine\5.8.2\junit-jupiter-engine-5.8.2.jar;E:\MavenLib\org\junit\platform\junit-platform-engine\1.8.2\junit-platform-engine-1.8.2.jar;E:\MavenLib\org\mockito\mockito-core\4.5.1\mockito-core-4.5.1.jar;E:\MavenLib\net\bytebuddy\byte-buddy\1.12.10\byte-buddy-1.12.10.jar;E:\MavenLib\net\bytebuddy\byte-buddy-agent\1.12.10\byte-buddy-agent-1.12.10.jar;E:\MavenLib\org\objenesis\objenesis\3.2\objenesis-3.2.jar;E:\MavenLib\org\mockito\mockito-junit-jupiter\4.5.1\mockito-junit-jupiter-4.5.1.jar;E:\MavenLib\org\skyscreamer\jsonassert\1.5.0\jsonassert-1.5.0.jar;E:\MavenLib\com\vaadin\external\google\android-json\0.0.20131108.vaadin1\android-json-0.0.20131108.vaadin1.jar;E:\MavenLib\org\springframework\spring-core\5.3.20\spring-core-5.3.20.jar;E:\MavenLib\org\springframework\spring-jcl\5.3.20\spring-jcl-5.3.20.jar;E:\MavenLib\org\springframework\spring-test\5.3.20\spring-test-5.3.20.jar;E:\MavenLib\org\xmlunit\xmlunit-core\2.9.0\xmlunit-core-2.9.0.jar;E:\MavenLib\org\projectlombok\lombok\1.18.24\lombok-1.18.24.jar;E:\MavenLib\com\baomidou\mybatis-plus-boot-starter\3.5.1\mybatis-plus-boot-starter-3.5.1.jar;E:\MavenLib\com\baomidou\mybatis-plus\3.5.1\mybatis-plus-3.5.1.jar;E:\MavenLib\com\baomidou\mybatis-plus-extension\3.5.1\mybatis-plus-extension-3.5.1.jar;E:\MavenLib\com\baomidou\mybatis-plus-core\3.5.1\mybatis-plus-core-3.5.1.jar;E:\MavenLib\com\baomidou\mybatis-plus-annotation\3.5.1\mybatis-plus-annotation-3.5.1.jar;E:\MavenLib\com\github\jsqlparser\jsqlparser\4.3\jsqlparser-4.3.jar;E:\MavenLib\org\mybatis\mybatis\3.5.9\mybatis-3.5.9.jar;E:\MavenLib\org\mybatis\mybatis-spring\2.0.6\mybatis-spring-2.0.6.jar;E:\MavenLib\org\springframework\boot\spring-boot-autoconfigure\2.7.0\spring-boot-autoconfigure-2.7.0.jar;E:\MavenLib\org\springframework\boot\spring-boot-starter-jdbc\2.7.0\spring-boot-starter-jdbc-2.7.0.jar;E:\MavenLib\com\zaxxer\HikariCP\4.0.3\HikariCP-4.0.3.jar;E:\MavenLib\org\springframework\spring-jdbc\5.3.20\spring-jdbc-5.3.20.jar;E:\MavenLib\org\springframework\spring-tx\5.3.20\spring-tx-5.3.20.jar;E:\MavenLib\mysql\mysql-connector-java\8.0.29\mysql-connector-java-8.0.29.jar;E:\MavenLib\com\alibaba\druid\1.2.10\druid-1.2.10.jar;"/>
    <property name="java.vm.vendor" value="Oracle Corporation"/>
    <property name="sun.arch.data.model" value="64"/>
    <property name="user.variant" value=""/>
    <property name="java.vendor.url" value="http://java.oracle.com/"/>
    <property name="user.timezone" value="Asia/Shanghai"/>
    <property name="java.vm.specification.version" value="1.8"/>
    <property name="os.name" value="Windows 8.1"/>
    <property name="user.country" value="CN"/>
    <property name="sun.java.launcher" value="SUN_STANDARD"/>
    <property name="sun.boot.library.path" value="E:\JDK\jre\bin"/>
    <property name="sun.java.command" value="C:\Users\83883\AppData\Local\Temp\surefire330328281037091503\surefirebooter3522586792785538613.jar C:\Users\83883\AppData\Local\Temp\surefire330328281037091503 2022-05-26T18-11-09_756-jvmRun1 surefire4357531443390865107tmp surefire_0407432406189912867tmp"/>
    <property name="surefire.test.class.path" value="D:\Users\83883\Desktop\spring-boot\target\test-classes;D:\Users\83883\Desktop\spring-boot\target\classes;E:\MavenLib\org\springframework\boot\spring-boot-starter-web\2.7.0\spring-boot-starter-web-2.7.0.jar;E:\MavenLib\org\springframework\boot\spring-boot-starter\2.7.0\spring-boot-starter-2.7.0.jar;E:\MavenLib\org\springframework\boot\spring-boot\2.7.0\spring-boot-2.7.0.jar;E:\MavenLib\org\springframework\boot\spring-boot-starter-logging\2.7.0\spring-boot-starter-logging-2.7.0.jar;E:\MavenLib\ch\qos\logback\logback-classic\1.2.11\logback-classic-1.2.11.jar;E:\MavenLib\ch\qos\logback\logback-core\1.2.11\logback-core-1.2.11.jar;E:\MavenLib\org\apache\logging\log4j\log4j-to-slf4j\2.17.2\log4j-to-slf4j-2.17.2.jar;E:\MavenLib\org\apache\logging\log4j\log4j-api\2.17.2\log4j-api-2.17.2.jar;E:\MavenLib\org\slf4j\jul-to-slf4j\1.7.36\jul-to-slf4j-1.7.36.jar;E:\MavenLib\jakarta\annotation\jakarta.annotation-api\1.3.5\jakarta.annotation-api-1.3.5.jar;E:\MavenLib\org\yaml\snakeyaml\1.30\snakeyaml-1.30.jar;E:\MavenLib\org\springframework\boot\spring-boot-starter-json\2.7.0\spring-boot-starter-json-2.7.0.jar;E:\MavenLib\com\fasterxml\jackson\core\jackson-databind\2.13.3\jackson-databind-2.13.3.jar;E:\MavenLib\com\fasterxml\jackson\core\jackson-annotations\2.13.3\jackson-annotations-2.13.3.jar;E:\MavenLib\com\fasterxml\jackson\core\jackson-core\2.13.3\jackson-core-2.13.3.jar;E:\MavenLib\com\fasterxml\jackson\datatype\jackson-datatype-jdk8\2.13.3\jackson-datatype-jdk8-2.13.3.jar;E:\MavenLib\com\fasterxml\jackson\datatype\jackson-datatype-jsr310\2.13.3\jackson-datatype-jsr310-2.13.3.jar;E:\MavenLib\com\fasterxml\jackson\module\jackson-module-parameter-names\2.13.3\jackson-module-parameter-names-2.13.3.jar;E:\MavenLib\org\springframework\boot\spring-boot-starter-tomcat\2.7.0\spring-boot-starter-tomcat-2.7.0.jar;E:\MavenLib\org\apache\tomcat\embed\tomcat-embed-core\9.0.63\tomcat-embed-core-9.0.63.jar;E:\MavenLib\org\apache\tomcat\embed\tomcat-embed-el\9.0.63\tomcat-embed-el-9.0.63.jar;E:\MavenLib\org\apache\tomcat\embed\tomcat-embed-websocket\9.0.63\tomcat-embed-websocket-9.0.63.jar;E:\MavenLib\org\springframework\spring-web\5.3.20\spring-web-5.3.20.jar;E:\MavenLib\org\springframework\spring-beans\5.3.20\spring-beans-5.3.20.jar;E:\MavenLib\org\springframework\spring-webmvc\5.3.20\spring-webmvc-5.3.20.jar;E:\MavenLib\org\springframework\spring-aop\5.3.20\spring-aop-5.3.20.jar;E:\MavenLib\org\springframework\spring-context\5.3.20\spring-context-5.3.20.jar;E:\MavenLib\org\springframework\spring-expression\5.3.20\spring-expression-5.3.20.jar;E:\MavenLib\org\springframework\boot\spring-boot-starter-test\2.7.0\spring-boot-starter-test-2.7.0.jar;E:\MavenLib\org\springframework\boot\spring-boot-test\2.7.0\spring-boot-test-2.7.0.jar;E:\MavenLib\org\springframework\boot\spring-boot-test-autoconfigure\2.7.0\spring-boot-test-autoconfigure-2.7.0.jar;E:\MavenLib\com\jayway\jsonpath\json-path\2.7.0\json-path-2.7.0.jar;E:\MavenLib\net\minidev\json-smart\2.4.8\json-smart-2.4.8.jar;E:\MavenLib\net\minidev\accessors-smart\2.4.8\accessors-smart-2.4.8.jar;E:\MavenLib\org\ow2\asm\asm\9.1\asm-9.1.jar;E:\MavenLib\org\slf4j\slf4j-api\1.7.36\slf4j-api-1.7.36.jar;E:\MavenLib\jakarta\xml\bind\jakarta.xml.bind-api\2.3.3\jakarta.xml.bind-api-2.3.3.jar;E:\MavenLib\jakarta\activation\jakarta.activation-api\1.2.2\jakarta.activation-api-1.2.2.jar;E:\MavenLib\org\assertj\assertj-core\3.22.0\assertj-core-3.22.0.jar;E:\MavenLib\org\hamcrest\hamcrest\2.2\hamcrest-2.2.jar;E:\MavenLib\org\junit\jupiter\junit-jupiter\5.8.2\junit-jupiter-5.8.2.jar;E:\MavenLib\org\junit\jupiter\junit-jupiter-api\5.8.2\junit-jupiter-api-5.8.2.jar;E:\MavenLib\org\opentest4j\opentest4j\1.2.0\opentest4j-1.2.0.jar;E:\MavenLib\org\junit\platform\junit-platform-commons\1.8.2\junit-platform-commons-1.8.2.jar;E:\MavenLib\org\apiguardian\apiguardian-api\1.1.2\apiguardian-api-1.1.2.jar;E:\MavenLib\org\junit\jupiter\junit-jupiter-params\5.8.2\junit-jupiter-params-5.8.2.jar;E:\MavenLib\org\junit\jupiter\junit-jupiter-engine\5.8.2\junit-jupiter-engine-5.8.2.jar;E:\MavenLib\org\junit\platform\junit-platform-engine\1.8.2\junit-platform-engine-1.8.2.jar;E:\MavenLib\org\mockito\mockito-core\4.5.1\mockito-core-4.5.1.jar;E:\MavenLib\net\bytebuddy\byte-buddy\1.12.10\byte-buddy-1.12.10.jar;E:\MavenLib\net\bytebuddy\byte-buddy-agent\1.12.10\byte-buddy-agent-1.12.10.jar;E:\MavenLib\org\objenesis\objenesis\3.2\objenesis-3.2.jar;E:\MavenLib\org\mockito\mockito-junit-jupiter\4.5.1\mockito-junit-jupiter-4.5.1.jar;E:\MavenLib\org\skyscreamer\jsonassert\1.5.0\jsonassert-1.5.0.jar;E:\MavenLib\com\vaadin\external\google\android-json\0.0.20131108.vaadin1\android-json-0.0.20131108.vaadin1.jar;E:\MavenLib\org\springframework\spring-core\5.3.20\spring-core-5.3.20.jar;E:\MavenLib\org\springframework\spring-jcl\5.3.20\spring-jcl-5.3.20.jar;E:\MavenLib\org\springframework\spring-test\5.3.20\spring-test-5.3.20.jar;E:\MavenLib\org\xmlunit\xmlunit-core\2.9.0\xmlunit-core-2.9.0.jar;E:\MavenLib\org\projectlombok\lombok\1.18.24\lombok-1.18.24.jar;E:\MavenLib\com\baomidou\mybatis-plus-boot-starter\3.5.1\mybatis-plus-boot-starter-3.5.1.jar;E:\MavenLib\com\baomidou\mybatis-plus\3.5.1\mybatis-plus-3.5.1.jar;E:\MavenLib\com\baomidou\mybatis-plus-extension\3.5.1\mybatis-plus-extension-3.5.1.jar;E:\MavenLib\com\baomidou\mybatis-plus-core\3.5.1\mybatis-plus-core-3.5.1.jar;E:\MavenLib\com\baomidou\mybatis-plus-annotation\3.5.1\mybatis-plus-annotation-3.5.1.jar;E:\MavenLib\com\github\jsqlparser\jsqlparser\4.3\jsqlparser-4.3.jar;E:\MavenLib\org\mybatis\mybatis\3.5.9\mybatis-3.5.9.jar;E:\MavenLib\org\mybatis\mybatis-spring\2.0.6\mybatis-spring-2.0.6.jar;E:\MavenLib\org\springframework\boot\spring-boot-autoconfigure\2.7.0\spring-boot-autoconfigure-2.7.0.jar;E:\MavenLib\org\springframework\boot\spring-boot-starter-jdbc\2.7.0\spring-boot-starter-jdbc-2.7.0.jar;E:\MavenLib\com\zaxxer\HikariCP\4.0.3\HikariCP-4.0.3.jar;E:\MavenLib\org\springframework\spring-jdbc\5.3.20\spring-jdbc-5.3.20.jar;E:\MavenLib\org\springframework\spring-tx\5.3.20\spring-tx-5.3.20.jar;E:\MavenLib\mysql\mysql-connector-java\8.0.29\mysql-connector-java-8.0.29.jar;E:\MavenLib\com\alibaba\druid\1.2.10\druid-1.2.10.jar;"/>
    <property name="sun.cpu.endian" value="little"/>
    <property name="user.home" value="C:\Users\83883"/>
    <property name="user.language" value="zh"/>
    <property name="java.specification.vendor" value="Oracle Corporation"/>
    <property name="java.home" value="E:\JDK\jre"/>
    <property name="basedir" value="D:\Users\83883\Desktop\spring-boot"/>
    <property name="file.separator" value="\"/>
    <property name="line.separator" value="&#10;"/>
    <property name="java.vm.specification.vendor" value="Oracle Corporation"/>
    <property name="java.specification.name" value="Java Platform API Specification"/>
    <property name="java.awt.graphicsenv" value="sun.awt.Win32GraphicsEnvironment"/>
    <property name="surefire.real.class.path" value="C:\Users\83883\AppData\Local\Temp\surefire330328281037091503\surefirebooter3522586792785538613.jar"/>
    <property name="sun.boot.class.path" value="E:\JDK\jre\lib\resources.jar;E:\JDK\jre\lib\rt.jar;E:\JDK\jre\lib\sunrsasign.jar;E:\JDK\jre\lib\jsse.jar;E:\JDK\jre\lib\jce.jar;E:\JDK\jre\lib\charsets.jar;E:\JDK\jre\lib\jfr.jar;E:\JDK\jre\classes"/>
    <property name="user.script" value=""/>
    <property name="sun.management.compiler" value="HotSpot 64-Bit Tiered Compilers"/>
    <property name="java.runtime.version" value="1.8.0_20-b26"/>
    <property name="user.name" value="83883"/>
    <property name="path.separator" value=";"/>
    <property name="os.version" value="6.3"/>
    <property name="java.endorsed.dirs" value="E:\JDK\jre\lib\endorsed"/>
    <property name="java.runtime.name" value="Java(TM) SE Runtime Environment"/>
    <property name="file.encoding" value="GBK"/>
    <property name="java.vm.name" value="Java HotSpot(TM) 64-Bit Server VM"/>
    <property name="localRepository" value="E:\MavenLib"/>
    <property name="java.vendor.url.bug" value="http://bugreport.sun.com/bugreport/"/>
    <property name="java.io.tmpdir" value="C:\Users\83883\AppData\Local\Temp\"/>
    <property name="idea.version" value="2021.1.3"/>
    <property name="java.version" value="1.8.0_20"/>
    <property name="user.dir" value="D:\Users\83883\Desktop\spring-boot"/>
    <property name="os.arch" value="amd64"/>
    <property name="java.vm.specification.name" value="Java Virtual Machine Specification"/>
    <property name="java.awt.printerjob" value="sun.awt.windows.WPrinterJob"/>
    <property name="sun.os.patch.level" value=""/>
    <property name="java.library.path" value="E:\JDK\jre\bin;C:\WINDOWS\Sun\Java\bin;C:\WINDOWS\system32;C:\WINDOWS;C:\Program Files (x86)\Common Files\Intel\Shared Libraries\redist\intel64_win\compiler;C:\ProgramData\Oracle\Java\javapath;C:\WINDOWS\system32;C:\WINDOWS;C:\WINDOWS\System32\Wbem;C:\WINDOWS\System32\WindowsPowerShell\v1.0\;C:\WINDOWS\System32\OpenSSH\;E:\NodeJs\;E:\微信web开发者工具\dll;%JAVA_;OME%\bin;E:\Git\cmd;E:\Flutter\bin;C:\Users\83883\AppData\Local\Android\Sdk\platform-tools;C:\Users\83883\AppData\Local\Android\Sdk\emulator;C:\Users\83883\AppData\Local\Android\Sdk\tools;C:\Users\83883\AppData\Local\Android\Sdk\tools\bin;E:\Chromedriver;E:\Maven\bin;E:\Python\Scripts\;E:\Python\;C:\Users\83883\AppData\Local\Microsoft\WindowsApps;C:\Users\83883\AppData\Roaming\npm;E:\Vscode\Microsoft VS Code\bin;E:\Fiddler;E:\PyCharm\bin;;E:\IDEA\bin;;."/>
    <property name="java.vm.info" value="mixed mode"/>
    <property name="java.vendor" value="Oracle Corporation"/>
    <property name="java.vm.version" value="25.20-b23"/>
    <property name="java.ext.dirs" value="E:\JDK\jre\lib\ext;C:\WINDOWS\Sun\Java\lib\ext"/>
    <property name="sun.io.unicode.encoding" value="UnicodeLittle"/>
    <property name="java.class.version" value="52.0"/>
  </properties>
  <testcase name="contextLoads" classname="com.example.ApplicationTests" time="0.188"/>
</testsuite>